生成启动时间为 2017/8/29 21:56:41。
     1>项目“C:\Users\Administrator\Desktop\stress_nephogram\vs_stress_nephogram\vs_stress_nephogram.vcxproj”在节点 2 上(build 个目标)。
     1>InitializeBuildStatus:
         正在创建“Debug\vs_stress_nephogram.unsuccessfulbuild”，因为已指定“AlwaysCreate”。
       ClCompile:
         d:\VS2010\VC\bin\CL.exe /c /ZI /nologo /W3 /WX- /Od /Oy- /D WIN32 /D _DEBUG /D _CONSOLE /D _UNICODE /D UNICODE /Gm /EHsc /RTC1 /MDd /GS /fp:precise /Zc:wchar_t /Zc:forScope /Fo"Debug\\" /Fd"Debug\vc100.pdb" /Gd /TP /analyze- /errorReport:prompt BiharmonicSplineInterp.cpp
         BiharmonicSplineInterp.cpp
       ManifestResourceCompile:
         所有输出均为最新。
       Link:
         d:\VS2010\VC\bin\link.exe /ERRORREPORT:PROMPT /OUT:"C:\Users\Administrator\Desktop\stress_nephogram\vs_stress_nephogram\Debug\vs_stress_nephogram.exe" /INCREMENTAL /NOLOGO kernel32.lib user32.lib gdi32.lib winspool.lib comdlg32.lib advapi32.lib shell32.lib ole32.lib oleaut32.lib uuid.lib odbc32.lib odbccp32.lib /MANIFEST /ManifestFile:"Debug\vs_stress_nephogram.exe.intermediate.manifest" /MANIFESTUAC:"level='asInvoker' uiAccess='false'" /DEBUG /PDB:"C:\Users\Administrator\Desktop\stress_nephogram\vs_stress_nephogram\Debug\vs_stress_nephogram.pdb" /SUBSYSTEM:CONSOLE /TLBID:1 /DYNAMICBASE /NXCOMPAT /IMPLIB:"C:\Users\Administrator\Desktop\stress_nephogram\vs_stress_nephogram\Debug\vs_stress_nephogram.lib" /MACHINE:X86 Debug\vs_stress_nephogram.exe.embed.manifest.res
         Debug\BiharmonicSplineInterp.obj
         Debug\gdatav4.obj
         Debug\inverse.obj
         Debug\linspace.obj
         Debug\main.obj
         Debug\meshgrid.obj
       Manifest:
         C:\Program Files (x86)\Microsoft SDKs\Windows\v7.0A\bin\mt.exe /nologo /verbose /out:"Debug\vs_stress_nephogram.exe.embed.manifest" /manifest Debug\vs_stress_nephogram.exe.intermediate.manifest
         所有输出均为最新。
       LinkEmbedManifest:
         所有输出均为最新。
         vs_stress_nephogram.vcxproj -> C:\Users\Administrator\Desktop\stress_nephogram\vs_stress_nephogram\Debug\vs_stress_nephogram.exe
       FinalizeBuildStatus:
         正在删除文件“Debug\vs_stress_nephogram.unsuccessfulbuild”。
         正在对“Debug\vs_stress_nephogram.lastbuildstate”执行 Touch 任务。
     1>已完成生成项目“C:\Users\Administrator\Desktop\stress_nephogram\vs_stress_nephogram\vs_stress_nephogram.vcxproj”(build 个目标)的操作。

生成成功。

已用时间 00:00:00.89
